
2022-07-29T07:31:25.424711Z	 2937 Connect	root@localhost on lpybugtest using SSL/TLS
2022-07-29T07:31:25.425402Z	 2937 Query	select @@version_comment limit 1
2022-07-29T07:31:25.425945Z	 2937 Query	create table if not exists t (k integer, v integer, primary key(k))
2022-07-29T07:31:25.429211Z	 2937 Query	delete from t
2022-07-29T07:31:25.433147Z	 2937 Query	insert into t(k, v) values(1,1)
2022-07-29T07:31:25.437826Z	 2937 Quit	
2022-07-29T07:31:25.456150Z	 2938 Connect	root@localhost on lpybugtest using SSL/TLS
2022-07-29T07:31:25.456995Z	 2938 Query	select @@version_comment limit 1
2022-07-29T07:31:25.457554Z	 2938 Query	SET SESSION TRANSACTION ISOLATION LEVEL SERIALIZABLE
2022-07-29T07:31:25.457966Z	 2938 Query	start transaction
2022-07-29T07:31:25.458410Z	 2938 Query	update t set v = 2 where k = 1
2022-07-29T07:31:25.459274Z	 2939 Connect	root@localhost on lpybugtest using SSL/TLS
2022-07-29T07:31:25.459297Z	 2938 Query	commit
2022-07-29T07:31:25.460218Z	 2939 Query	select @@version_comment limit 1
2022-07-29T07:31:25.461122Z	 2939 Query	SET SESSION TRANSACTION ISOLATION LEVEL REPEATABLE READ
2022-07-29T07:31:25.461580Z	 2939 Query	start transaction
2022-07-29T07:31:25.462047Z	 2939 Query	select k, v from t where v = 88
2022-07-29T07:31:25.462746Z	 2939 Query	update t set v = 2 where k = 1
2022-07-29T07:31:25.463719Z	 2939 Query	select k, v from t where k = 1
2022-07-29T07:31:25.464218Z	 2939 Query	commit
2022-07-29T07:31:26.462591Z	 2939 Quit	
2022-07-29T07:31:26.462651Z	 2938 Quit	
