mysql: [Warning] Using a password on the command line interface can be insecure.
--------------
SET SESSION TRANSACTION ISOLATION LEVEL REPEATABLE READ
--------------

Query OK, 0 rows affected (0.00 sec)

--------------
start transaction
--------------

Query OK, 0 rows affected (0.00 sec)

--------------
select `pkAttr0`, `pkAttr1`, `pkAttr2`, `coAttr0_0` from `table0` where ( `coAttr0_0` = 89665 )
--------------

Empty set (0.00 sec)

--------------
update `table0` set `coAttr0_0` = 40569 where ( `pkAttr0` = 412 ) and ( `pkAttr1` = 409 ) and ( `pkAttr2` = 258 )
--------------

Query OK, 0 rows affected (0.00 sec)
Rows matched: 1  Changed: 0  Warnings: 0

--------------
select `pkAttr0`, `pkAttr1`, `pkAttr2`, `coAttr0_0` from `table0` where ( `coAttr0_0` = 17702 )
--------------

+---------+---------+---------+-----------+
| pkAttr0 | pkAttr1 | pkAttr2 | coAttr0_0 |
+---------+---------+---------+-----------+
|     412 |     409 |     258 |     17702 |
+---------+---------+---------+-----------+
1 row in set (0.01 sec)

--------------
commit
--------------

Query OK, 0 rows affected (0.00 sec)

Bye
