mysql: [Warning] Using a password on the command line interface can be insecure.
--------------
SET SESSION TRANSACTION ISOLATION LEVEL REPEATABLE READ
--------------

Query OK, 0 rows affected (0.00 sec)

--------------
start transaction
--------------

Query OK, 0 rows affected (0.00 sec)

--------------
select k, v from t where v = 88
--------------

Empty set (0.00 sec)

--------------
update t set v = 2 where k = 1
--------------

Query OK, 0 rows affected (0.00 sec)
Rows matched: 1  Changed: 0  Warnings: 0

--------------
select k, v from t where k = 1
--------------

+---+------+
| k | v    |
+---+------+
| 1 |    1 |
+---+------+
1 row in set (0.00 sec)

--------------
commit
--------------

Query OK, 0 rows affected (0.00 sec)

Bye
